 INFO: Man'chi Diplomacy AI (version 7) startup at Nov 2, 2010 10:52:15 PM [ManchiApp main]
 INFO: Switching to session Diplomacy AI (version 7) [SessionFrame main]
 INFO: Connected to DAIDE server: DAIDE /127.0.0.1:16713 [DaideServer Thread-2]
 INFO: No robot specified: using default AngryBot [DaideServer Thread-2]
 WARN: Error processing message: MAP ('STANDARD') [DaideServer Thread-3]
dip.game.ServerException: Unknown map: STANDARD
	at dip.game.DaideServer.processMAP(DaideServer.java:489)
	at dip.game.DaideServer.messageReceived(DaideServer.java:421)
	at dip.daide.Server.diplomaticMessageReceived(Server.java:89)
	at dip.daide.Connection.handleDiplomaticMessage(Connection.java:362)
	at dip.daide.Connection.handleMessage(Connection.java:295)
	at dip.daide.Connection$Consumer.run(Connection.java:630)
Caused by: dip.map.MapException: java.io.FileNotFoundException: maps/STANDARD.map (No such file or directory)
	at dip.map.MapFactory.get(MapFactory.java:83)
	at dip.game.DaideServer.processMAP(DaideServer.java:480)
	... 5 more
Caused by: java.io.FileNotFoundException: maps/STANDARD.map (No such file or directory)
	at java.io.FileInputStream.open(Native Method)
	at java.io.FileInputStream.<init>(FileInputStream.java:137)
	at java.io.FileInputStream.<init>(FileInputStream.java:96)
	at java.io.FileReader.<init>(FileReader.java:58)
	at dip.util.Application.getResourceStream(Application.java:162)
	at dip.map.MapFactory.get(MapFactory.java:72)
	... 6 more
 INFO: DAIDE server disconnected via OFF [DaideServer Thread-3]
 INFO: Switching to session DAIDE [SessionFrame AWT-EventQueue-0]
 INFO: DAIDE server disconnected via OFF [DaideServer Thread-3]
 INFO: Normal application exit at Nov 2, 2010 10:52:50 PM [ManchiApp AWT-EventQueue-0]
